Flutter crash report; please file at https://github.com/flutter/flutter/issues.

## command

flutter --no-color packages get

## exception

YamlException: Error on line 15, column 21: Mapping values are not allowed here. Did you miss a colon earlier?
     cloud_firestore: ^0.7.3
                    ^

```
#0      Scanner._fetchValue (package:yaml/src/scanner.dart:713)
#1      Scanner._fetchNextToken (package:yaml/src/scanner.dart:457)
#2      Scanner._fetchMoreTokens (package:yaml/src/scanner.dart:339)
#3      Scanner.peek (package:yaml/src/scanner.dart:317)
#4      Parser._parseBlockMappingKey (package:yaml/src/parser.dart:418)
#5      Parser._stateMachine (package:yaml/src/parser.dart:86)
#6      Parser.parse (package:yaml/src/parser.dart:47)
#7      Loader._loadMapping (package:yaml/src/loader.dart:171)
#8      Loader._loadNode (package:yaml/src/loader.dart:86)
#9      Loader._loadMapping (package:yaml/src/loader.dart:165)
#10     Loader._loadNode (package:yaml/src/loader.dart:86)
#11     Loader._loadMapping (package:yaml/src/loader.dart:165)
#12     Loader._loadNode (package:yaml/src/loader.dart:86)
#13     Loader._loadDocument (package:yaml/src/loader.dart:62)
#14     Loader.load (package:yaml/src/loader.dart:54)
#15     loadYamlDocument (package:yaml/yaml.dart:51)
#16     loadYamlNode (package:yaml/yaml.dart:42)
#17     loadYaml (package:yaml/yaml.dart:34)
#18     _pluginFromPubspec (package:flutter_tools/src/plugins.dart:52)
#19     _findPlugins.<anonymous closure> (package:flutter_tools/src/plugins.dart:75)
#20     _HashVMBase&MapMixin&&_LinkedHashMapMixin.forEach (dart:collection-patch/dart:collection/compact_hash.dart:363)
#21     _findPlugins (package:flutter_tools/src/plugins.dart:73)
#22     injectPlugins (package:flutter_tools/src/plugins.dart:234)
#23     FlutterProject.ensureReadyForPlatformSpecificTooling (package:flutter_tools/src/project.dart:62)
#24     PackagesGetCommand.runCommand (package:flutter_tools/src/commands/packages.dart:85)
<asynchronous suspension>
#25     FlutterCommand.verifyThenRunCommand (package:flutter_tools/src/runner/flutter_command.dart:344)
<asynchronous suspension>
#26     FlutterCommand.run.<anonymous closure> (package:flutter_tools/src/runner/flutter_command.dart:279)
<asynchronous suspension>
#27     AppContext.run.<anonymous closure> (package:flutter_tools/src/base/context.dart:142)
<asynchronous suspension>
#28     _rootRun (dart:async/zone.dart:1126)
#29     _CustomZone.run (dart:async/zone.dart:1023)
#30     runZoned (dart:async/zone.dart:1501)
#31     AppContext.run (package:flutter_tools/src/base/context.dart:141)
<asynchronous suspension>
#32     FlutterCommand.run (package:flutter_tools/src/runner/flutter_command.dart:270)
#33     CommandRunner.runCommand (package:args/command_runner.dart:194)
<asynchronous suspension>
#34     FlutterCommandRunner.runCommand.<anonymous closure> (package:flutter_tools/src/runner/flutter_command_runner.dart:309)
<asynchronous suspension>
#35     AppContext.run.<anonymous closure> (package:flutter_tools/src/base/context.dart:142)
<asynchronous suspension>
#36     _rootRun (dart:async/zone.dart:1126)
#37     _CustomZone.run (dart:async/zone.dart:1023)
#38     runZoned (dart:async/zone.dart:1501)
#39     AppContext.run (package:flutter_tools/src/base/context.dart:141)
<asynchronous suspension>
#40     FlutterCommandRunner.runCommand (package:flutter_tools/src/runner/flutter_command_runner.dart:265)
<asynchronous suspension>
#41     CommandRunner.run.<anonymous closure> (package:args/command_runner.dart:109)
#42     new Future.sync (dart:async/future.dart:222)
#43     CommandRunner.run (package:args/command_runner.dart:109)
#44     FlutterCommandRunner.run (package:flutter_tools/src/runner/flutter_command_runner.dart:174)
#45     run.<anonymous closure> (package:flutter_tools/runner.dart:59)
<asynchronous suspension>
#46     AppContext.run.<anonymous closure> (package:flutter_tools/src/base/context.dart:142)
<asynchronous suspension>
#47     _rootRun (dart:async/zone.dart:1126)
#48     _CustomZone.run (dart:async/zone.dart:1023)
#49     runZoned (dart:async/zone.dart:1501)
#50     AppContext.run (package:flutter_tools/src/base/context.dart:141)
<asynchronous suspension>
#51     runInContext (package:flutter_tools/src/context_runner.dart:43)
<asynchronous suspension>
#52     run (package:flutter_tools/runner.dart:50)
#53     main (package:flutter_tools/executable.dart:49)
<asynchronous suspension>
#54     main (file:///Users/Chris/development/flutter/packages/flutter_tools/bin/flutter_tools.dart:8)
#55     _startIsolate.<anonymous closure> (dart:isolate-patch/dart:isolate/isolate_patch.dart:277)
#56     _RawReceivePortImpl._handleMessage (dart:isolate-patch/dart:isolate/isolate_patch.dart:165)
```

## flutter doctor

```
[✓] Flutter (Channel beta, v0.5.1, on Mac OS X 10.13.4 17E199, locale en-US)
    • Flutter version 0.5.1 at /Users/chris/development/flutter
    • Framework revision c7ea3ca377 (5 weeks ago), 2018-05-29 21:07:33 +0200
    • Engine revision 1ed25ca7b7
    • Dart version 2.0.0-dev.58.0.flutter-f981f09760

[✓] Android toolchain - develop for Android devices (Android SDK 27.0.3)
    • Android SDK at /Users/chris/Library/Android/sdk
    • Android NDK location not configured (optional; useful for native profiling support)
    • Platform android-27, build-tools 27.0.3
    • Java binary at: /Applications/Android Studio.app/Contents/jre/jdk/Contents/Home/bin/java
    • Java version OpenJDK Runtime Environment (build 1.8.0_152-release-1024-b01)
    • All Android licenses accepted.

[✓] iOS toolchain - develop for iOS devices (Xcode 9.4)
    • Xcode at /Applications/Xcode.app/Contents/Developer
    • Xcode 9.4, Build version 9F1027a
    • ios-deploy 1.9.2
    • CocoaPods version 1.5.3

[✓] Android Studio (version 3.1)
    • Android Studio at /Applications/Android Studio.app/Contents
    • Flutter plugin version 26.0.1
    • Dart plugin version 173.4700
    • Java version OpenJDK Runtime Environment (build 1.8.0_152-release-1024-b01)

[✓] Connected devices (2 available)
    • Nexus 6P • 8XV7N15B03000445                     • android-arm64 • Android 8.1.0 (API 27)
    • iPhone X • 902DB1DF-7066-4BE7-92E5-7F1BFF2EF260 • ios           • iOS 11.4 (simulator)

• No issues found!
```
